\BOOKMARK [1][-]{section.1}{Introduction}{}% 1
\BOOKMARK [2][-]{subsection.1.1}{Euler\220s Method}{section.1}% 2
\BOOKMARK [2][-]{subsection.1.2}{The Runge-Kutta Method}{section.1}% 3
\BOOKMARK [2][-]{subsection.1.3}{Adam\220s Method}{section.1}% 4
\BOOKMARK [1][-]{section.2}{Numerical Solution}{}% 5
\BOOKMARK [2][-]{subsection.2.1}{Problem 1}{section.2}% 6
\BOOKMARK [3][-]{subsubsection.2.1.1}{Domain}{subsection.2.1}% 7
\BOOKMARK [3][-]{subsubsection.2.1.2}{The Euler Method}{subsection.2.1}% 8
\BOOKMARK [3][-]{subsubsection.2.1.3}{The Runge-Kutta Method}{subsection.2.1}% 9
\BOOKMARK [3][-]{subsubsection.2.1.4}{The Adams Method}{subsection.2.1}% 10
\BOOKMARK [2][-]{subsection.2.2}{Problem 2}{section.2}% 11
\BOOKMARK [3][-]{subsubsection.2.2.1}{Domain}{subsection.2.2}% 12
\BOOKMARK [3][-]{subsubsection.2.2.2}{Tthe Euler Method}{subsection.2.2}% 13
\BOOKMARK [3][-]{subsubsection.2.2.3}{The Runge-Kutta Method}{subsection.2.2}% 14
\BOOKMARK [3][-]{subsubsection.2.2.4}{Adams-Bashforth and Adams-Monlton Method}{subsection.2.2}% 15
\BOOKMARK [3][-]{subsubsection.2.2.5}{Error Analysis}{subsection.2.2}% 16
\BOOKMARK [1][-]{section.3}{Results}{}% 17
\BOOKMARK [2][-]{subsection.3.1}{Accuracy comparison}{section.3}% 18
\BOOKMARK [2][-]{subsection.3.2}{Computation complexity comparison}{section.3}% 19
\BOOKMARK [1][-]{section.4}{Conclusion}{}% 20
\BOOKMARK [1][-]{section.5}{Reference List and Appendix}{}% 21
