\BOOKMARK [1][-]{section.1}{Introduction}{}% 1
\BOOKMARK [1][-]{section.2}{Methods}{}% 2
\BOOKMARK [2][-]{subsection.2.1}{The Euler Method}{section.2}% 3
\BOOKMARK [2][-]{subsection.2.2}{The Runge-Kutta Method}{section.2}% 4
\BOOKMARK [2][-]{subsection.2.3}{The Adams Method}{section.2}% 5
\BOOKMARK [2][-]{subsection.2.4}{Solutions}{section.2}% 6
\BOOKMARK [1][-]{section.3}{Analysis}{}% 7
\BOOKMARK [2][-]{subsection.3.1}{Domain}{section.3}% 8
\BOOKMARK [3][-]{subsubsection.3.1.1}{Problem 1: \(a1, b1\)}{subsection.3.1}% 9
\BOOKMARK [3][-]{subsubsection.3.1.2}{Problem 2: \(a1, b1\)}{subsection.3.1}% 10
\BOOKMARK [2][-]{subsection.3.2}{Accuracy}{section.3}% 11
\BOOKMARK [3][-]{subsubsection.3.2.1}{The Errors with Same h in Different Methods}{subsection.3.2}% 12
\BOOKMARK [2][-]{subsection.3.3}{Complexity}{section.3}% 13
\BOOKMARK [1][-]{section.4}{Conclusion}{}% 14
\BOOKMARK [1][-]{section*.1}{Appendices}{}% 15
\BOOKMARK [1][-]{Appendix.1.A}{Power Series Solution}{}% 16
\BOOKMARK [2][-]{subsection.1.A.1}{Problem 1}{Appendix.1.A}% 17
\BOOKMARK [2][-]{subsection.1.A.2}{Problem 2}{Appendix.1.A}% 18
\BOOKMARK [1][-]{Appendix.1.B}{Code}{}% 19
\BOOKMARK [2][-]{subsection.1.B.1}{Generation of Accurate Solution \(MatLab\)}{Appendix.1.B}% 20
\BOOKMARK [2][-]{subsection.1.B.2}{The Euler Method \(Python\)}{Appendix.1.B}% 21
\BOOKMARK [2][-]{subsection.1.B.3}{The Runge-Kutta Method \(Python\)}{Appendix.1.B}% 22
\BOOKMARK [2][-]{subsection.1.B.4}{The Adams Method \(Python\)}{Appendix.1.B}% 23
